<?xml version="1.0" encoding="UTF-8"?>
<testsuite xmlns:xsi="http://www.w3.org/2001/XMLSchema-instance" xsi:noNamespaceSchemaLocation="https://maven.apache.org/surefire/maven-surefire-plugin/xsd/surefire-test-report-3.0.xsd" version="3.0" name="ReturnNumbersTest" time="0.0" tests="5" errors="0" skipped="0" failures="0">
  <properties>
    <property name="java.specification.version" value="20"/>
    <property name="sun.cpu.isalist" value="amd64"/>
    <property name="sun.jnu.encoding" value="Cp1252"/>
    <property name="java.class.path" value="C:\Users\riyazahmad.yaligar\Downloads\maven-examples-master\maven-examples-master\code-coverage-jacoco\target\test-classes;C:\Users\riyazahmad.yaligar\Downloads\maven-examples-master\maven-examples-master\code-coverage-jacoco\target\classes;C:\Users\riyazahmad.yaligar\.m2\repository\junit\junit\4.11\junit-4.11.jar;C:\Users\riyazahmad.yaligar\.m2\repository\org\hamcrest\hamcrest-core\1.3\hamcrest-core-1.3.jar;"/>
    <property name="java.vm.vendor" value="Amazon.com Inc."/>
    <property name="sun.arch.data.model" value="64"/>
    <property name="user.variant" value=""/>
    <property name="java.vendor.url" value="https://aws.amazon.com/corretto/"/>
    <property name="user.timezone" value="Asia/Calcutta"/>
    <property name="os.name" value="Windows 11"/>
    <property name="java.vm.specification.version" value="20"/>
    <property name="sun.java.launcher" value="SUN_STANDARD"/>
    <property name="user.country" value="US"/>
    <property name="sun.boot.library.path" value="C:\Users\riyazahmad.yaligar\.jdks\corretto-20.0.2.1\bin"/>
    <property name="sun.java.command" value="C:\Users\riyazahmad.yaligar\AppData\Local\Temp\surefire14067761125710336572\surefirebooter-20231212100222788_3.jar C:\Users\riyazahmad.yaligar\AppData\Local\Temp\surefire14067761125710336572 2023-12-12T10-02-22_581-jvmRun1 surefire-20231212100222788_1tmp surefire_0-20231212100222788_2tmp"/>
    <property name="jdk.debug" value="release"/>
    <property name="surefire.test.class.path" value="C:\Users\riyazahmad.yaligar\Downloads\maven-examples-master\maven-examples-master\code-coverage-jacoco\target\test-classes;C:\Users\riyazahmad.yaligar\Downloads\maven-examples-master\maven-examples-master\code-coverage-jacoco\target\classes;C:\Users\riyazahmad.yaligar\.m2\repository\junit\junit\4.11\junit-4.11.jar;C:\Users\riyazahmad.yaligar\.m2\repository\org\hamcrest\hamcrest-core\1.3\hamcrest-core-1.3.jar;"/>
    <property name="sun.cpu.endian" value="little"/>
    <property name="user.home" value="C:\Users\riyazahmad.yaligar"/>
    <property name="user.language" value="en"/>
    <property name="java.specification.vendor" value="Oracle Corporation"/>
    <property name="java.version.date" value="2023-08-22"/>
    <property name="java.home" value="C:\Users\riyazahmad.yaligar\.jdks\corretto-20.0.2.1"/>
    <property name="file.separator" value="\"/>
    <property name="basedir" value="C:\Users\riyazahmad.yaligar\Downloads\maven-examples-master\maven-examples-master\code-coverage-jacoco"/>
    <property name="java.vm.compressedOopsMode" value="Zero based"/>
    <property name="line.separator" value="&#10;"/>
    <property name="java.vm.specification.vendor" value="Oracle Corporation"/>
    <property name="java.specification.name" value="Java Platform API Specification"/>
    <property name="surefire.real.class.path" value="C:\Users\riyazahmad.yaligar\AppData\Local\Temp\surefire14067761125710336572\surefirebooter-20231212100222788_3.jar"/>
    <property name="user.script" value=""/>
    <property name="sun.management.compiler" value="HotSpot 64-Bit Tiered Compilers"/>
    <property name="java.runtime.version" value="20.0.2.1+10-FR"/>
    <property name="user.name" value="riyazahmad.yaligar"/>
    <property name="stdout.encoding" value="Cp1252"/>
    <property name="path.separator" value=";"/>
    <property name="os.version" value="10.0"/>
    <property name="java.runtime.name" value="OpenJDK Runtime Environment"/>
    <property name="file.encoding" value="UTF-8"/>
    <property name="java.vm.name" value="OpenJDK 64-Bit Server VM"/>
    <property name="java.vendor.version" value="Corretto-20.0.2.10.1"/>
    <property name="localRepository" value="C:\Users\riyazahmad.yaligar\.m2\repository"/>
    <property name="java.vendor.url.bug" value="https://github.com/corretto/corretto-20/issues/"/>
    <property name="java.io.tmpdir" value="C:\Users\RIYAZA~1.YAL\AppData\Local\Temp\"/>
    <property name="idea.version" value="2023.2.1"/>
    <property name="java.version" value="20.0.2.1"/>
    <property name="user.dir" value="C:\Users\riyazahmad.yaligar\Downloads\maven-examples-master\maven-examples-master\code-coverage-jacoco"/>
    <property name="os.arch" value="amd64"/>
    <property name="java.vm.specification.name" value="Java Virtual Machine Specification"/>
    <property name="sun.os.patch.level" value=""/>
    <property name="native.encoding" value="Cp1252"/>
    <property name="java.library.path" value="C:\Users\riyazahmad.yaligar\.jdks\corretto-20.0.2.1\bin;C:\windows\Sun\Java\bin;C:\windows\system32;C:\windows;C:\windows\system32;C:\windows;C:\windows\System32\Wbem;C:\windows\System32\WindowsPowerShell\v1.0\;C:\windows\System32\OpenSSH\;C:\Program Files\PuTTY\;C:\Riyaz\apache-maven-3.9.5\bin;C:\Users\riyazahmad.yaligar\.jdks\corretto-20.0.2.1\bin;C:\Program Files\dotnet\;C:\Program Files\Microsoft SQL Server\150\Tools\Binn\;C:\Program Files\Microsoft SQL Server\Client SDK\ODBC\170\Tools\Binn\;C:\Program Files\Git\cmd;C:\Program Files\Git\bin;C:\Windows\System32;C:\Users\riyazahmad.yaligar\AppData\Local\Programs\Python\Python312;C:\Users\riyazahmad.yaligar\AppData\Local\Programs\Python\Python312\Scripts;C:\Users\riyazahmad.yaligar\AppData\Local\Programs\Python\Launcher\;C:\Users\riyazahmad.yaligar\AppData\Local\Programs;C:\Users\riyazahmad.yaligar\AppData\Local\Programs\Microsoft VS Code\bin;C:\Riyaz\apache-maven-3.9.5\bin;C:\Users\riyazahmad.yaligar\.jdks\corretto-20.0.2.1\bin;C:\Users\riyazahmad.yaligar\.dotnet\tools;C:\Program Files\Git\usr\bin;C:\Windows\System32;C:\Users\riyazahmad.yaligar\AppData\Local\Programs\Python\Python312;;."/>
    <property name="java.vm.info" value="mixed mode, sharing"/>
    <property name="stderr.encoding" value="Cp1252"/>
    <property name="java.vendor" value="Amazon.com Inc."/>
    <property name="java.vm.version" value="20.0.2.1+10-FR"/>
    <property name="sun.io.unicode.encoding" value="UnicodeLittle"/>
    <property name="java.class.version" value="64.0"/>
  </properties>
  <testcase name="testReturnOne" classname="ReturnNumbersTest" time="0.0"/>
  <testcase name="testReturn2" classname="ReturnNumbersTest" time="0.0"/>
  <testcase name="testReturn3" classname="ReturnNumbersTest" time="0.0"/>
  <testcase name="testReturn4" classname="ReturnNumbersTest" time="0.0"/>
  <testcase name="testReturn5" classname="ReturnNumbersTest" time="0.0"/>
</testsuite>