<?xml version="1.0" encoding="UTF-8"?>
<testsuite name="FizzBuzzTest" time="0.023" tests="2" errors="0" skipped="0" failures="0">
  <properties>
    <property name="java.runtime.name" value="OpenJDK Runtime Environment"/>
    <property name="java.vm.version" value="20.0.2.1+10-FR"/>
    <property name="sun.boot.library.path" value="C:\Users\riyazahmad.yaligar\.jdks\corretto-20.0.2.1\bin"/>
    <property name="maven.multiModuleProjectDirectory" value="C:\Users\riyazahmad.yaligar\Downloads\maven-examples-master\maven-examples-master\code-coverage-jacoco"/>
    <property name="java.vm.vendor" value="Amazon.com Inc."/>
    <property name="java.vendor.url" value="https://aws.amazon.com/corretto/"/>
    <property name="guice.disable.misplaced.annotation.check" value="true"/>
    <property name="path.separator" value=";"/>
    <property name="java.vm.name" value="OpenJDK 64-Bit Server VM"/>
    <property name="sun.os.patch.level" value=""/>
    <property name="user.script" value=""/>
    <property name="user.country" value="US"/>
    <property name="sun.java.launcher" value="SUN_STANDARD"/>
    <property name="java.vm.specification.name" value="Java Virtual Machine Specification"/>
    <property name="user.dir" value="C:\Users\riyazahmad.yaligar\Downloads\maven-examples-master\maven-examples-master\code-coverage-jacoco"/>
    <property name="java.vm.compressedOopsMode" value="Zero based"/>
    <property name="java.runtime.version" value="20.0.2.1+10-FR"/>
    <property name="os.arch" value="amd64"/>
    <property name="java.io.tmpdir" value="C:\Users\RIYAZA~1.YAL\AppData\Local\Temp\"/>
    <property name="line.separator" value="&#10;"/>
    <property name="java.vm.specification.vendor" value="Oracle Corporation"/>
    <property name="user.variant" value=""/>
    <property name="stderr.encoding" value="cp437"/>
    <property name="os.name" value="Windows 11"/>
    <property name="classworlds.conf" value="C:\Riyaz\apache-maven-3.9.5\bin\m2.conf"/>
    <property name="sun.jnu.encoding" value="Cp1252"/>
    <property name="stdout.encoding" value="cp437"/>
    <property name="java.library.path" value="C:\Users\riyazahmad.yaligar\.jdks\corretto-20.0.2.1\bin;C:\windows\Sun\Java\bin;C:\windows\system32;C:\windows;C:\windows\system32;C:\windows;C:\windows\System32\Wbem;C:\windows\System32\WindowsPowerShell\v1.0\;C:\windows\System32\OpenSSH\;C:\Program Files\PuTTY\;C:\Riyaz\apache-maven-3.9.5\bin;C:\Users\riyazahmad.yaligar\.jdks\corretto-20.0.2.1\bin;C:\Program Files\dotnet\;C:\Program Files\Microsoft SQL Server\150\Tools\Binn\;C:\Program Files\Microsoft SQL Server\Client SDK\ODBC\170\Tools\Binn\;C:\Program Files\Git\cmd;C:\Program Files\Git\bin;C:\Windows\System32;C:\Users\riyazahmad.yaligar\AppData\Local\Programs\Python\Python312;C:\Users\riyazahmad.yaligar\AppData\Local\Programs\Python\Python312\Scripts;C:\Users\riyazahmad.yaligar\AppData\Local\Programs\Python\Launcher\;C:\Users\riyazahmad.yaligar\AppData\Local\Programs;C:\Users\riyazahmad.yaligar\AppData\Local\Programs\Microsoft VS Code\bin;C:\Riyaz\apache-maven-3.9.5\bin;C:\Users\riyazahmad.yaligar\.jdks\corretto-20.0.2.1\bin;C:\Users\riyazahmad.yaligar\.dotnet\tools;C:\Program Files\Git\usr\bin;C:\Windows\System32;C:\Users\riyazahmad.yaligar\AppData\Local\Programs\Python\Python312;;."/>
    <property name="maven.conf" value="C:\Riyaz\apache-maven-3.9.5/conf"/>
    <property name="jdk.debug" value="release"/>
    <property name="java.class.version" value="64.0"/>
    <property name="java.specification.name" value="Java Platform API Specification"/>
    <property name="sun.management.compiler" value="HotSpot 64-Bit Tiered Compilers"/>
    <property name="os.version" value="10.0"/>
    <property name="library.jansi.path" value="C:\Riyaz\apache-maven-3.9.5\lib\jansi-native"/>
    <property name="user.home" value="C:\Users\riyazahmad.yaligar"/>
    <property name="user.timezone" value="Asia/Calcutta"/>
    <property name="file.encoding" value="UTF-8"/>
    <property name="java.specification.version" value="20"/>
    <property name="user.name" value="riyazahmad.yaligar"/>
    <property name="java.class.path" value="C:\Riyaz\apache-maven-3.9.5\boot\plexus-classworlds-2.7.0.jar"/>
    <property name="java.vm.specification.version" value="20"/>
    <property name="sun.arch.data.model" value="64"/>
    <property name="sun.java.command" value="org.codehaus.plexus.classworlds.launcher.Launcher clean install"/>
    <property name="java.home" value="C:\Users\riyazahmad.yaligar\.jdks\corretto-20.0.2.1"/>
    <property name="user.language" value="en"/>
    <property name="java.specification.vendor" value="Oracle Corporation"/>
    <property name="java.vm.info" value="mixed mode, sharing"/>
    <property name="java.version" value="20.0.2.1"/>
    <property name="native.encoding" value="Cp1252"/>
    <property name="java.vendor" value="Amazon.com Inc."/>
    <property name="maven.home" value="C:\Riyaz\apache-maven-3.9.5"/>
    <property name="file.separator" value="\"/>
    <property name="java.version.date" value="2023-08-22"/>
    <property name="java.vendor.url.bug" value="https://github.com/corretto/corretto-20/issues/"/>
    <property name="sun.io.unicode.encoding" value="UnicodeLittle"/>
    <property name="sun.cpu.endian" value="little"/>
    <property name="java.vendor.version" value="Corretto-20.0.2.10.1"/>
    <property name="sun.cpu.isalist" value="amd64"/>
  </properties>
  <testcase name="testOne" classname="FizzBuzzTest" time="0.023"/>
  <testcase name="getFizzBuzzWord_NumberIsMultipleOfThree_ShouldReturnFizz" classname="FizzBuzzTest" time="0"/>
</testsuite>